<?xml version="1.0" encoding="UTF-8"?>
<testng-results skipped="0" failed="0" ignored="0" total="1" passed="1">
  <reporter-output>
  </reporter-output>
  <suite name="Suite" duration-ms="5108" started-at="2018-12-25T15:26:53Z" finished-at="2018-12-25T15:26:59Z">
    <groups>
    </groups>
    <test name="Test" duration-ms="5108" started-at="2018-12-25T15:26:53Z" finished-at="2018-12-25T15:26:59Z">
      <class name="com.seleniumProject.Example1">
        <test-method status="PASS" signature="EnterDataInTextBox()[pri:0, instance:com.seleniumProject.Example1@b0fc838]" name="EnterDataInTextBox" duration-ms="5092" started-at="2018-12-25T15:26:53Z" finished-at="2018-12-25T15:26:59Z">
          <reporter-output>
          </reporter-output>
        </test-method> <!-- EnterDataInTextBox -->
      </class> <!-- com.seleniumProject.Example1 -->
    </test> <!-- Test -->
  </suite> <!-- Suite -->
</testng-results>
