<?xml version="1.0" encoding="UTF-8"?>
<testng-results skipped="0" failed="0" ignored="0" total="1" passed="1">
  <reporter-output>
  </reporter-output>
  <suite name="Suite" duration-ms="5671" started-at="2019-01-03T06:18:37Z" finished-at="2019-01-03T06:18:43Z">
    <groups>
    </groups>
    <test name="Test" duration-ms="5671" started-at="2019-01-03T06:18:37Z" finished-at="2019-01-03T06:18:43Z">
      <class name="com.seleniumProject.Example1">
        <test-method status="PASS" signature="EnterDataInTextBox()[pri:0, instance:com.seleniumProject.Example1@11d4dbd6]" name="EnterDataInTextBox" duration-ms="5654" started-at="2019-01-03T06:18:37Z" finished-at="2019-01-03T06:18:43Z">
          <reporter-output>
          </reporter-output>
        </test-method> <!-- EnterDataInTextBox -->
      </class> <!-- com.seleniumProject.Example1 -->
    </test> <!-- Test -->
  </suite> <!-- Suite -->
</testng-results>
