<?xml version="1.0" encoding="UTF-8"?>
<testng-results skipped="0" failed="0" ignored="0" total="1" passed="1">
  <reporter-output>
  </reporter-output>
  <suite name="Default suite" duration-ms="6991" started-at="2018-12-25T13:49:45Z" finished-at="2018-12-25T13:49:52Z">
    <groups>
    </groups>
    <test name="Default test" duration-ms="6991" started-at="2018-12-25T13:49:45Z" finished-at="2018-12-25T13:49:52Z">
      <class name="com.seleniumProject.Example1">
        <test-method status="PASS" signature="EnterDataInTextBox()[pri:0, instance:com.seleniumProject.Example1@475530b9]" name="EnterDataInTextBox" duration-ms="6972" started-at="2018-12-25T13:49:45Z" finished-at="2018-12-25T13:49:52Z">
          <reporter-output>
          </reporter-output>
        </test-method> <!-- EnterDataInTextBox -->
      </class> <!-- com.seleniumProject.Example1 -->
    </test> <!-- Default test -->
  </suite> <!-- Default suite -->
</testng-results>
